0 info it worked if it ends with ok
1 verbose cli [ 'C:\\Program Files\\nodejs\\node.exe',
1 verbose cli   'C:\\Users\\JR AJ\\AppData\\Roaming\\npm\\node_modules\\npm\\bin\\npm-cli.js',
1 verbose cli   'install',
1 verbose cli   '@types/dom-parser' ]
2 info using npm@3.10.10
3 info using node@v10.16.0
4 silly loadCurrentTree Starting
5 silly install loadCurrentTree
6 silly install readLocalPackageData
7 silly fetchPackageMetaData @types/dom-parser
8 silly fetchNamedPackageData @types/dom-parser
9 silly mapToRegistry name @types/dom-parser
10 silly mapToRegistry scope (from package name) @types
11 verbose mapToRegistry no registry URL found in name for scope @types
12 silly mapToRegistry using default registry
13 silly mapToRegistry registry https://registry.npmjs.org/
14 silly mapToRegistry data Result {
14 silly mapToRegistry   raw: '@types/dom-parser',
14 silly mapToRegistry   scope: '@types',
14 silly mapToRegistry   escapedName: '@types%2fdom-parser',
14 silly mapToRegistry   name: '@types/dom-parser',
14 silly mapToRegistry   rawSpec: '',
14 silly mapToRegistry   spec: 'latest',
14 silly mapToRegistry   type: 'tag' }
15 silly mapToRegistry uri https://registry.npmjs.org/@types%2fdom-parser
16 verbose request uri https://registry.npmjs.org/@types%2fdom-parser
17 verbose request no auth needed
18 info attempt registry request try #1 at 6:36:37 PM
19 verbose request id dbbd5103e3869eeb
20 http request GET https://registry.npmjs.org/@types%2fdom-parser
21 http 404 https://registry.npmjs.org/@types%2fdom-parser
22 verbose headers { date: 'Sat, 04 Jan 2020 13:06:38 GMT',
22 verbose headers   'content-type': 'application/json',
22 verbose headers   'content-length': '21',
22 verbose headers   connection: 'keep-alive',
22 verbose headers   'set-cookie':
22 verbose headers    [ '__cfduid=d4075acf43b7c75a40dba415d46a1ed9d1578143198; expires=Mon, 03-Feb-20 13:06:38 GMT; path=/; domain=.npmjs.org; HttpOnly; SameSite=Lax' ],
22 verbose headers   'expect-ct':
22 verbose headers    'max-age=604800, report-uri="https://report-uri.cloudflare.com/cdn-cgi/beacon/expect-ct"',
22 verbose headers   vary: 'Accept-Encoding',
22 verbose headers   server: 'cloudflare',
22 verbose headers   'cf-ray': '54fd6e5019d2df67-BOM' }
23 silly get cb [ 404,
23 silly get   { date: 'Sat, 04 Jan 2020 13:06:38 GMT',
23 silly get     'content-type': 'application/json',
23 silly get     'content-length': '21',
23 silly get     connection: 'keep-alive',
23 silly get     'set-cookie':
23 silly get      [ '__cfduid=d4075acf43b7c75a40dba415d46a1ed9d1578143198; expires=Mon, 03-Feb-20 13:06:38 GMT; path=/; domain=.npmjs.org; HttpOnly; SameSite=Lax' ],
23 silly get     'expect-ct':
23 silly get      'max-age=604800, report-uri="https://report-uri.cloudflare.com/cdn-cgi/beacon/expect-ct"',
23 silly get     vary: 'Accept-Encoding',
23 silly get     server: 'cloudflare',
23 silly get     'cf-ray': '54fd6e5019d2df67-BOM' } ]
24 silly fetchPackageMetaData Error: Not found : @types/dom-parser
24 silly fetchPackageMetaData     at makeError (C:\Users\JR AJ\AppData\Roaming\npm\node_modules\npm\node_modules\npm-registry-client\lib\request.js:302:12)
24 silly fetchPackageMetaData     at CachingRegistryClient.<anonymous> (C:\Users\JR AJ\AppData\Roaming\npm\node_modules\npm\node_modules\npm-registry-client\lib\request.js:290:14)
24 silly fetchPackageMetaData     at Request._callback (C:\Users\JR AJ\AppData\Roaming\npm\node_modules\npm\node_modules\npm-registry-client\lib\request.js:210:14)
24 silly fetchPackageMetaData     at Request.self.callback (C:\Users\JR AJ\AppData\Roaming\npm\node_modules\npm\node_modules\request\request.js:187:22)
24 silly fetchPackageMetaData     at Request.emit (events.js:198:13)
24 silly fetchPackageMetaData     at Request.<anonymous> (C:\Users\JR AJ\AppData\Roaming\npm\node_modules\npm\node_modules\request\request.js:1048:10)
24 silly fetchPackageMetaData     at Request.emit (events.js:198:13)
24 silly fetchPackageMetaData     at IncomingMessage.<anonymous> (C:\Users\JR AJ\AppData\Roaming\npm\node_modules\npm\node_modules\request\request.js:969:12)
24 silly fetchPackageMetaData     at IncomingMessage.emit (events.js:203:15)
24 silly fetchPackageMetaData     at endReadableNT (_stream_readable.js:1129:12)
24 silly fetchPackageMetaData  error for @types/dom-parser { Error: Not found : @types/dom-parser
24 silly fetchPackageMetaData     at makeError (C:\Users\JR AJ\AppData\Roaming\npm\node_modules\npm\node_modules\npm-registry-client\lib\request.js:302:12)
24 silly fetchPackageMetaData     at CachingRegistryClient.<anonymous> (C:\Users\JR AJ\AppData\Roaming\npm\node_modules\npm\node_modules\npm-registry-client\lib\request.js:290:14)
24 silly fetchPackageMetaData     at Request._callback (C:\Users\JR AJ\AppData\Roaming\npm\node_modules\npm\node_modules\npm-registry-client\lib\request.js:210:14)
24 silly fetchPackageMetaData     at Request.self.callback (C:\Users\JR AJ\AppData\Roaming\npm\node_modules\npm\node_modules\request\request.js:187:22)
24 silly fetchPackageMetaData     at Request.emit (events.js:198:13)
24 silly fetchPackageMetaData     at Request.<anonymous> (C:\Users\JR AJ\AppData\Roaming\npm\node_modules\npm\node_modules\request\request.js:1048:10)
24 silly fetchPackageMetaData     at Request.emit (events.js:198:13)
24 silly fetchPackageMetaData     at IncomingMessage.<anonymous> (C:\Users\JR AJ\AppData\Roaming\npm\node_modules\npm\node_modules\request\request.js:969:12)
24 silly fetchPackageMetaData     at IncomingMessage.emit (events.js:203:15)
24 silly fetchPackageMetaData     at endReadableNT (_stream_readable.js:1129:12) pkgid: '@types/dom-parser', statusCode: 404, code: 'E404' }
25 silly rollbackFailedOptional Starting
26 silly rollbackFailedOptional Finishing
27 silly runTopLevelLifecycles Finishing
28 silly install printInstalled
29 verbose stack Error: Not found : @types/dom-parser
29 verbose stack     at makeError (C:\Users\JR AJ\AppData\Roaming\npm\node_modules\npm\node_modules\npm-registry-client\lib\request.js:302:12)
29 verbose stack     at CachingRegistryClient.<anonymous> (C:\Users\JR AJ\AppData\Roaming\npm\node_modules\npm\node_modules\npm-registry-client\lib\request.js:290:14)
29 verbose stack     at Request._callback (C:\Users\JR AJ\AppData\Roaming\npm\node_modules\npm\node_modules\npm-registry-client\lib\request.js:210:14)
29 verbose stack     at Request.self.callback (C:\Users\JR AJ\AppData\Roaming\npm\node_modules\npm\node_modules\request\request.js:187:22)
29 verbose stack     at Request.emit (events.js:198:13)
29 verbose stack     at Request.<anonymous> (C:\Users\JR AJ\AppData\Roaming\npm\node_modules\npm\node_modules\request\request.js:1048:10)
29 verbose stack     at Request.emit (events.js:198:13)
29 verbose stack     at IncomingMessage.<anonymous> (C:\Users\JR AJ\AppData\Roaming\npm\node_modules\npm\node_modules\request\request.js:969:12)
29 verbose stack     at IncomingMessage.emit (events.js:203:15)
29 verbose stack     at endReadableNT (_stream_readable.js:1129:12)
30 verbose statusCode 404
31 verbose pkgid @types/dom-parser
32 verbose cwd E:\Zerodha test\v1\server
33 error Windows_NT 10.0.18363
34 error argv "C:\\Program Files\\nodejs\\node.exe" "C:\\Users\\JR AJ\\AppData\\Roaming\\npm\\node_modules\\npm\\bin\\npm-cli.js" "install" "@types/dom-parser"
35 error node v10.16.0
36 error npm  v3.10.10
37 error code E404
38 error 404 Not found : @types/dom-parser
39 error 404
40 error 404 '@types/dom-parser' is not in the npm registry.
41 error 404 You should bug the author to publish it (or use the name yourself!)
42 error 404 Note that you can also install from a
43 error 404 tarball, folder, http url, or git url.
44 verbose exit [ 1, true ]
